********************************************************************************
DUPLICATOR-LITE PACKAGE-LOG: June 19, 2020 9:44 am
NOTICE: Do NOT post to public sites or forums 
********************************************************************************
VERSION:	1.3.26
WORDPRESS:	5.3.2
PHP INFO:	7.3.17 | SAPI: litespeed
SERVER:		Apache 
PHP TIME LIMIT: (0) no time limit imposed 
PHP MAX MEMORY: 4294967296 (128M default) 
MEMORY STACK: 38.5MB
[CTRL DUP ARCIVE] PACKAGE AS NEW ID 3 SAVED | STATUS:0
[DUP ARCHIVE] BUILDING DATABASE

********************************************************************************
DATABASE:
********************************************************************************
BUILD MODE:   MYSQLDUMP
MYSQLTIMEOUT: 5000
MYSQLDUMP:    Is Supported
SQL CREATED: 20200212_touchhomeservices_9a0c2dcdd6228c5d3909_20200619094414_database.sql
SQL FILE SIZE: 9.29MB (9742071)
SQL FILE TIME: 2020-06-19 09:44:53
SQL RUNTIME: 13.11 sec.
[DUP ARCHIVE] VALIDATING DATABASE
[DUP ARCHIVE] DONE DATABASE

********************************************************************************
ARCHIVE Type=DUP Mode=DupArchive
********************************************************************************
ARCHIVE DIR:  /home/atpolnqlkp9z/public_html
ARCHIVE FILE: 20200212_touchhomeservices_9a0c2dcdd6228c5d3909_20200619094414_archive.daf
FILTERS: *OFF*
DIRS:
	not set
FILES:
	not set
EXTS:  not set
----------------------------------------
COMPRESSING
SIZE:	143.04MB
STATS:	Dirs 1,153 | Files 6,587 | Total 7,740
[DUP ARCHIVE] DONE ARCHIVE
[DUP ARCHIVE] DONE ARCHIVE
[DUP ARCHIVE] DONE ARCHIVE
[DUP ARCHIVE] DONE ARCHIVE
[DUP ARCHIVE] DONE ARCHIVE
[DUP ARCHIVE] DONE ARCHIVE
[DUP ARCHIVE] DONE ARCHIVE
[DUP ARCHIVE] DONE ARCHIVE
[DUP ARCHIVE] DONE ARCHIVE
[DUP ARCHIVE] DONE ARCHIVE
[DUP ARCHIVE] DONE ARCHIVE
[DUP ARCHIVE] DONE ARCHIVE
[DUP ARCHIVE] DONE ARCHIVE
[DUP ARCHIVE] DONE ARCHIVE
[DUP ARCHIVE] DONE ARCHIVE
[DUP ARCHIVE] DONE ARCHIVE
[DUP ARCHIVE] DONE ARCHIVE
[DUP ARCHIVE] DONE ARCHIVE
building installer
add_extra_files1
add_extra_files2
add_extra_files3
add_extra_files4
Doing archive file check
add_extra_files5
add_extra_files6
add_extra_files7
add_extra_files_using_da1
Adding enhanced installer files to archive using DupArchive
[DUP ARCHIVE] DONE ARCHIVE
COMPRESSED SIZE: 67.45MB
ARCHIVE RUNTIME: 222.85 sec.
MEMORY STACK: 40.5MB
CREATE WARNINGS: No warnings.
VALIDATION WARNINGS: No warnings.
[DUP ARCHIVE] DONE ARCHIVE
[DUP ARCHIVE] HAS COMPLETED CLOSING
[DUP ARCHIVE] DUP ARCHIVE INTEGRITY CHECK

********************************************************************************
INTEGRITY CHECKS:
********************************************************************************
SQL FILE: 9.29MB
INSTALLER FILE: 74.4KB
ARCHIVE FILE: 67.45MB 
EXPECTED FILE/DIRECTORY COUNT: 7,921
ACTUAL FILE/DIRECTORY COUNT: 7,921

********************************************************************************
RECORD ID:[3]
TOTAL PROCESS RUNTIME: 222.85 sec.
PEAK PHP MEMORY USED: 42.5MB
DONE PROCESSING => 20200212_touchhomeservices 2020-06-19 09:48:22

